<?xml version="1.0" encoding="UTF-8" standalone="no" ?>
<testsuites>
  <testsuite errors="0" failures="0" name="BatteryHV_UnitTest" skipped="0" tests="14" time="76.8589">
    <testcase classname="BatteryHV_UnitTest" name="blockParameters_BatteryHV_Basic" time="3.5341"/>
    <testcase classname="BatteryHV_UnitTest" name="blockParameters_BatteryHV_Driveline" time="1.0334"/>
    <testcase classname="BatteryHV_UnitTest" name="blockParameters_BatteryHV_Electrical" time="1.1138"/>
    <testcase classname="BatteryHV_UnitTest" name="run_harness_model_with_Basic_refsub" time="5.3586"/>
    <testcase classname="BatteryHV_UnitTest" name="run_harness_model_with_Driveline_refsub" time="5.809"/>
    <testcase classname="BatteryHV_UnitTest" name="run_harness_model_with_Electrical_refsub" time="7.9329"/>
    <testcase classname="BatteryHV_UnitTest" name="input_Constant" time="0.037063"/>
    <testcase classname="BatteryHV_UnitTest" name="input_Charge" time="4.1598"/>
    <testcase classname="BatteryHV_UnitTest" name="input_Discharge" time="0.73669"/>
    <testcase classname="BatteryHV_UnitTest" name="input_LoadCurrentStep3" time="4.7225"/>
    <testcase classname="BatteryHV_UnitTest" name="run_testcase_Charge" time="7.4789"/>
    <testcase classname="BatteryHV_UnitTest" name="run_testcase_Discharge" time="4.2873"/>
    <testcase classname="BatteryHV_UnitTest" name="run_testcase_LoadCurrentStep3" time="3.7795"/>
    <testcase classname="BatteryHV_UnitTest" name="run_main_script_1" time="26.8756"/>
  </testsuite>
  <testsuite errors="0" failures="0" name="DrivePattern_UnitTest" skipped="0" tests="16" time="69.1804">
    <testcase classname="DrivePattern_UnitTest" name="run_harness_model_1" time="8.87"/>
    <testcase classname="DrivePattern_UnitTest" name="input_Constant" time="0.065658"/>
    <testcase classname="DrivePattern_UnitTest" name="input_Step3" time="0.46414"/>
    <testcase classname="DrivePattern_UnitTest" name="input_Step5" time="0.37676"/>
    <testcase classname="DrivePattern_UnitTest" name="input_Accelerate_Decelerate" time="2.8117"/>
    <testcase classname="DrivePattern_UnitTest" name="input_Accelerate_Decelerate_Twice" time="0.53574"/>
    <testcase classname="DrivePattern_UnitTest" name="input_SimpleDrivePattern" time="0.37227"/>
    <testcase classname="DrivePattern_UnitTest" name="input_FTP75" time="0.062674"/>
    <testcase classname="DrivePattern_UnitTest" name="run_testcase_1" time="10.0908"/>
    <testcase classname="DrivePattern_UnitTest" name="run_testcase_2" time="5.9581"/>
    <testcase classname="DrivePattern_UnitTest" name="run_testcase_3" time="5.998"/>
    <testcase classname="DrivePattern_UnitTest" name="run_testcase_4" time="5.8381"/>
    <testcase classname="DrivePattern_UnitTest" name="run_testcase_5" time="5.6406"/>
    <testcase classname="DrivePattern_UnitTest" name="run_testcase_6" time="6.1013"/>
    <testcase classname="DrivePattern_UnitTest" name="run_testcase_7" time="5.8021"/>
    <testcase classname="DrivePattern_UnitTest" name="run_main_script_1" time="10.1926"/>
  </testsuite>
  <testsuite errors="0" failures="0" name="Engine_Component_UnitTest_MQC" skipped="0" tests="6" time="22.6239">
    <testcase classname="Engine_Component_UnitTest_MQC" name="MQC_run_Basic_params" time="0.008156"/>
    <testcase classname="Engine_Component_UnitTest_MQC" name="MQC_run_harness_model" time="6.1298"/>
    <testcase classname="Engine_Component_UnitTest_MQC" name="MQC_run_setup" time="0.005082"/>
    <testcase classname="Engine_Component_UnitTest_MQC" name="MQC_run_testcase_Constant" time="7.2171"/>
    <testcase classname="Engine_Component_UnitTest_MQC" name="MQC_run_testcase_StartEngine_1" time="4.5235"/>
    <testcase classname="Engine_Component_UnitTest_MQC" name="MQC_run_testcase_StartEngine_2" time="4.7403"/>
  </testsuite>
  <testsuite errors="0" failures="0" name="MotorDriveUnit_Component_UnitTest_MQC" skipped="0" tests="5" time="22.3747">
    <testcase classname="MotorDriveUnit_Component_UnitTest_MQC" name="MQC_run_Basic_params" time="0.004276"/>
    <testcase classname="MotorDriveUnit_Component_UnitTest_MQC" name="MQC_run_harness_model_with_Basic_refsub" time="6.1922"/>
    <testcase classname="MotorDriveUnit_Component_UnitTest_MQC" name="MQC_run_setup" time="0.007193"/>
    <testcase classname="MotorDriveUnit_Component_UnitTest_MQC" name="MQC_run_testcase_Constant" time="9.3914"/>
    <testcase classname="MotorDriveUnit_Component_UnitTest_MQC" name="MQC_run_testcase_Drive" time="6.7796"/>
  </testsuite>
  <testsuite errors="0" failures="0" name="MotorGenerator1_Component_UnitTest_MQC" skipped="0" tests="7" time="35.4536">
    <testcase classname="MotorGenerator1_Component_UnitTest_MQC" name="MQC_run_Basic_params" time="0.004271"/>
    <testcase classname="MotorGenerator1_Component_UnitTest_MQC" name="MQC_run_harness_model" time="6.488"/>
    <testcase classname="MotorGenerator1_Component_UnitTest_MQC" name="MQC_run_setup" time="0.008039"/>
    <testcase classname="MotorGenerator1_Component_UnitTest_MQC" name="MQC_run_testcase_Constant" time="10.1025"/>
    <testcase classname="MotorGenerator1_Component_UnitTest_MQC" name="MQC_run_testcase_Generate" time="6.6532"/>
    <testcase classname="MotorGenerator1_Component_UnitTest_MQC" name="MQC_run_testcase_StartEngine" time="6.2718"/>
    <testcase classname="MotorGenerator1_Component_UnitTest_MQC" name="MQC_run_testcase_StopEngine" time="5.9258"/>
  </testsuite>
  <testsuite errors="0" failures="0" name="MotorGenerator2_Component_UnitTest_MQC" skipped="0" tests="6" time="28.7115">
    <testcase classname="MotorGenerator2_Component_UnitTest_MQC" name="MQC_run_Basic_params" time="0.017019"/>
    <testcase classname="MotorGenerator2_Component_UnitTest_MQC" name="MQC_run_harness_model" time="5.5985"/>
    <testcase classname="MotorGenerator2_Component_UnitTest_MQC" name="MQC_run_setup" time="0.00757"/>
    <testcase classname="MotorGenerator2_Component_UnitTest_MQC" name="MQC_run_testcase_Constant" time="10.192"/>
    <testcase classname="MotorGenerator2_Component_UnitTest_MQC" name="MQC_run_testcase_Drive" time="6.8001"/>
    <testcase classname="MotorGenerator2_Component_UnitTest_MQC" name="MQC_run_testcase_Regen" time="6.0963"/>
  </testsuite>
  <testsuite errors="0" failures="0" name="PowerSplitGeartrain_Component_UnitTest_MQC" skipped="0" tests="8" time="42.2528">
    <testcase classname="PowerSplitGeartrain_Component_UnitTest_MQC" name="MQC_run_Basic_params" time="0.007346"/>
    <testcase classname="PowerSplitGeartrain_Component_UnitTest_MQC" name="MQC_run_harness_model_with_Basic_refsub" time="6.7712"/>
    <testcase classname="PowerSplitGeartrain_Component_UnitTest_MQC" name="MQC_run_setup" time="0.017261"/>
    <testcase classname="PowerSplitGeartrain_Component_UnitTest_MQC" name="MQC_run_testcase_Constant" time="6.9535"/>
    <testcase classname="PowerSplitGeartrain_Component_UnitTest_MQC" name="MQC_run_testcase_Engine" time="6.6224"/>
    <testcase classname="PowerSplitGeartrain_Component_UnitTest_MQC" name="MQC_run_testcase_MG1" time="6.9421"/>
    <testcase classname="PowerSplitGeartrain_Component_UnitTest_MQC" name="MQC_run_testcase_MG2" time="7.5783"/>
    <testcase classname="PowerSplitGeartrain_Component_UnitTest_MQC" name="MQC_run_testcase_VehSpd" time="7.3606"/>
  </testsuite>
  <testsuite errors="0" failures="0" name="PowerSplitDriveUnit_Component_UnitTest_MQC" skipped="0" tests="13" time="114.376">
    <testcase classname="PowerSplitDriveUnit_Component_UnitTest_MQC" name="MQC_run_Basic_params" time="0.015517"/>
    <testcase classname="PowerSplitDriveUnit_Component_UnitTest_MQC" name="MQC_run_harness_model_with_Basic_refsub" time="10.83"/>
    <testcase classname="PowerSplitDriveUnit_Component_UnitTest_MQC" name="MQC_run_setup" time="0.015094"/>
    <testcase classname="PowerSplitDriveUnit_Component_UnitTest_MQC" name="MQC_run_testcase_Accelerate" time="13.0969"/>
    <testcase classname="PowerSplitDriveUnit_Component_UnitTest_MQC" name="MQC_run_testcase_Constant" time="11.1549"/>
    <testcase classname="PowerSplitDriveUnit_Component_UnitTest_MQC" name="MQC_run_testcase_DriveEngine" time="10.7716"/>
    <testcase classname="PowerSplitDriveUnit_Component_UnitTest_MQC" name="MQC_run_testcase_DriveMG1" time="11.0732"/>
    <testcase classname="PowerSplitDriveUnit_Component_UnitTest_MQC" name="MQC_run_testcase_DriveMG2" time="11.183"/>
    <testcase classname="PowerSplitDriveUnit_Component_UnitTest_MQC" name="MQC_run_testcase_DriveMG2Engine" time="10.4158"/>
    <testcase classname="PowerSplitDriveUnit_Component_UnitTest_MQC" name="MQC_run_testcase_DrivePowerSplit" time="11.6443"/>
    <testcase classname="PowerSplitDriveUnit_Component_UnitTest_MQC" name="MQC_run_testcase_StandStillGenerate" time="10.3075"/>
    <testcase classname="PowerSplitDriveUnit_Component_UnitTest_MQC" name="MQC_run_testcase_StopCharging" time="10.0069"/>
    <testcase classname="PowerSplitDriveUnit_Component_UnitTest_MQC" name="MQC_run_harness_reset" time="3.8614"/>
  </testsuite>
  <testsuite errors="0" failures="0" name="Vehicle1D_Component_UnitTest_MQC" skipped="0" tests="7" time="17.1639">
    <testcase classname="Vehicle1D_Component_UnitTest_MQC" name="MQC_run_Basic_params" time="0.01328"/>
    <testcase classname="Vehicle1D_Component_UnitTest_MQC" name="MQC_run_harness_model_with_Basic_refsub" time="3.4796"/>
    <testcase classname="Vehicle1D_Component_UnitTest_MQC" name="MQC_run_setup" time="0.002616"/>
    <testcase classname="Vehicle1D_Component_UnitTest_MQC" name="MQC_run_testcase_Brake" time="5.8375"/>
    <testcase classname="Vehicle1D_Component_UnitTest_MQC" name="MQC_run_testcase_Coastdown" time="3.2942"/>
    <testcase classname="Vehicle1D_Component_UnitTest_MQC" name="MQC_run_testcase_Constant" time="3.2488"/>
    <testcase classname="Vehicle1D_Component_UnitTest_MQC" name="MQC_run_harness_reset" time="1.2878"/>
  </testsuite>
  <testsuite errors="0" failures="0" name="PowerSplitHEV_DirectInput_UnitTest" skipped="0" tests="15" time="213.8113">
    <testcase classname="PowerSplitHEV_DirectInput_UnitTest" name="openAndRun_1" time="20.8889"/>
    <testcase classname="PowerSplitHEV_DirectInput_UnitTest" name="openAndRun_2_1" time="16.2367"/>
    <testcase classname="PowerSplitHEV_DirectInput_UnitTest" name="openAndRun_2_2" time="14.144"/>
    <testcase classname="PowerSplitHEV_DirectInput_UnitTest" name="runLiveScript_DirectInput_Constant" time="15.6939"/>
    <testcase classname="PowerSplitHEV_DirectInput_UnitTest" name="runLiveScript_DirectInput_Downhill" time="11.5577"/>
    <testcase classname="PowerSplitHEV_DirectInput_UnitTest" name="runLiveScript_DirectInput_Downhill_2" time="11.7915"/>
    <testcase classname="PowerSplitHEV_DirectInput_UnitTest" name="runLiveScript_DirectInput_EngineDrive" time="15.6631"/>
    <testcase classname="PowerSplitHEV_DirectInput_UnitTest" name="runLiveScript_DirectInput_MG1Drive" time="14.3929"/>
    <testcase classname="PowerSplitHEV_DirectInput_UnitTest" name="runLiveScript_DirectInput_MG2Drive" time="13.0099"/>
    <testcase classname="PowerSplitHEV_DirectInput_UnitTest" name="runLiveScript_DirectInput_MG2Drive_2" time="12.8954"/>
    <testcase classname="PowerSplitHEV_DirectInput_UnitTest" name="runLiveScript_DirectInput_MG2Drive_StartEng" time="10.7409"/>
    <testcase classname="PowerSplitHEV_DirectInput_UnitTest" name="runLiveScript_DirectInput_MG2Drive_StartEng_2" time="11.3434"/>
    <testcase classname="PowerSplitHEV_DirectInput_UnitTest" name="runLiveScript_DirectInput_Parked_EngChgBatt" time="11.4497"/>
    <testcase classname="PowerSplitHEV_DirectInput_UnitTest" name="runLiveScript_DirectInput_PowerSplitDrive" time="12.4361"/>
    <testcase classname="PowerSplitHEV_DirectInput_UnitTest" name="runLiveScript_main_script" time="21.567"/>
  </testsuite>
  <testsuite errors="0" failures="0" name="PowerSplitHEV_SpeedTracking_UnitTest" skipped="0" tests="8" time="236.499">
    <testcase classname="PowerSplitHEV_SpeedTracking_UnitTest" name="openAndRun_1" time="20.2608"/>
    <testcase classname="PowerSplitHEV_SpeedTracking_UnitTest" name="runLiveScript_basic" time="22.2168"/>
    <testcase classname="PowerSplitHEV_SpeedTracking_UnitTest" name="runLiveScript_highSpeed" time="22.4803"/>
    <testcase classname="PowerSplitHEV_SpeedTracking_UnitTest" name="runLiveScript_Accelerate_Decelerate" time="17.6829"/>
    <testcase classname="PowerSplitHEV_SpeedTracking_UnitTest" name="runLiveScript_SimpleDrivePattern" time="20.5795"/>
    <testcase classname="PowerSplitHEV_SpeedTracking_UnitTest" name="runLiveScript_FTP75" time="57.3427"/>
    <testcase classname="PowerSplitHEV_SpeedTracking_UnitTest" name="runLiveScript_main_script" time="14.1667"/>
    <testcase classname="PowerSplitHEV_SpeedTracking_UnitTest" name="runLiveScript_sweep" time="61.7692"/>
  </testsuite>
  <testsuite errors="0" failures="0" name="PowerSplitHEV_UnitTest" skipped="0" tests="3" time="42.8175">
    <testcase classname="PowerSplitHEV_UnitTest" name="run_system_model_1" time="19.8802"/>
    <testcase classname="PowerSplitHEV_UnitTest" name="run_report_script_1" time="7.835"/>
    <testcase classname="PowerSplitHEV_UnitTest" name="run_main_script_1" time="15.1023"/>
  </testsuite>
  <testsuite errors="0" failures="0" name="HEV_System_UnitTest_MQC" skipped="0" tests="1" time="17.7016">
    <testcase classname="HEV_System_UnitTest_MQC" name="MQC_run_main_script" time="17.7016"/>
  </testsuite>
</testsuites>
