<?xml version="1.0" encoding="UTF-8" standalone="no" ?>
<testsuites>

  <testsuite errors="0" failures="0" name="PowerSplitDriveUnit_UnitTest" skipped="0" tests="10" time="135.9518">
    <testcase classname="PowerSplitDriveUnit_UnitTest" name="run_harness_model_1" time="14.7288"/>
    <testcase classname="PowerSplitDriveUnit_UnitTest" name="run_harness_model_2_1" time="10.2829"/>
    <testcase classname="PowerSplitDriveUnit_UnitTest" name="run_harness_model_2_2" time="9.6314"/>
    <testcase classname="PowerSplitDriveUnit_UnitTest" name="run_main_script_1" time="21.9802"/>
    <testcase classname="PowerSplitDriveUnit_UnitTest" name="run_script_1" time="14.0215"/>
    <testcase classname="PowerSplitDriveUnit_UnitTest" name="run_script_2" time="13.486"/>
    <testcase classname="PowerSplitDriveUnit_UnitTest" name="run_script_3" time="13.07"/>
    <testcase classname="PowerSplitDriveUnit_UnitTest" name="run_script_4" time="12.9159"/>
    <testcase classname="PowerSplitDriveUnit_UnitTest" name="run_script_5" time="12.8505"/>
    <testcase classname="PowerSplitDriveUnit_UnitTest" name="run_script_6" time="12.9845"/>
  </testsuite>

</testsuites>
