<?xml version="1.0" encoding="UTF-8" standalone="no" ?>
<testsuites>
  <testsuite errors="0" failures="0" name="PowerSplitDriveUnit_UnitTest" skipped="0" tests="10" time="112.0458">
    <testcase classname="PowerSplitDriveUnit_UnitTest" name="run_harness_model_1" time="9.7236"/>
    <testcase classname="PowerSplitDriveUnit_UnitTest" name="run_harness_model_2_1" time="10.0598"/>
    <testcase classname="PowerSplitDriveUnit_UnitTest" name="run_harness_model_2_2" time="9.0989"/>
    <testcase classname="PowerSplitDriveUnit_UnitTest" name="run_main_script_1" time="18.4382"/>
    <testcase classname="PowerSplitDriveUnit_UnitTest" name="run_script_1" time="10.976"/>
    <testcase classname="PowerSplitDriveUnit_UnitTest" name="run_script_2" time="10.8664"/>
    <testcase classname="PowerSplitDriveUnit_UnitTest" name="run_script_3" time="10.6615"/>
    <testcase classname="PowerSplitDriveUnit_UnitTest" name="run_script_4" time="10.8422"/>
    <testcase classname="PowerSplitDriveUnit_UnitTest" name="run_script_5" time="10.6351"/>
    <testcase classname="PowerSplitDriveUnit_UnitTest" name="run_script_6" time="10.744"/>
  </testsuite>
</testsuites>
