<?xml version="1.0" encoding="UTF-8" standalone="no" ?>
<testsuites>

  <testsuite errors="0" failures="0" name="PowerSplitDriveUnit_UnitTest" skipped="0" tests="10" time="153.8347">
    <testcase classname="PowerSplitDriveUnit_UnitTest" name="run_harness_model_1" time="22.6678"/>
    <testcase classname="PowerSplitDriveUnit_UnitTest" name="run_harness_model_2_1" time="10.7387"/>
    <testcase classname="PowerSplitDriveUnit_UnitTest" name="run_harness_model_2_2" time="9.5654"/>
    <testcase classname="PowerSplitDriveUnit_UnitTest" name="run_main_script_1" time="25.8831"/>
    <testcase classname="PowerSplitDriveUnit_UnitTest" name="run_script_1" time="17.3989"/>
    <testcase classname="PowerSplitDriveUnit_UnitTest" name="run_script_2" time="13.273"/>
    <testcase classname="PowerSplitDriveUnit_UnitTest" name="run_script_3" time="12.9905"/>
    <testcase classname="PowerSplitDriveUnit_UnitTest" name="run_script_4" time="13.0791"/>
    <testcase classname="PowerSplitDriveUnit_UnitTest" name="run_script_5" time="12.9354"/>
    <testcase classname="PowerSplitDriveUnit_UnitTest" name="run_script_6" time="15.3029"/>
  </testsuite>

</testsuites>
