<?xml version="1.0" encoding="UTF-8" standalone="no" ?>
<testsuites>
  <testsuite errors="0" failures="0" name="DrivePattern_UnitTest" skipped="0" tests="16" time="57.4781">
    <testcase classname="DrivePattern_UnitTest" name="run_harness_model_1" time="6.5737"/>
    <testcase classname="DrivePattern_UnitTest" name="input_Constant" time="0.031038"/>
    <testcase classname="DrivePattern_UnitTest" name="input_Step3" time="0.38886"/>
    <testcase classname="DrivePattern_UnitTest" name="input_Step5" time="0.37748"/>
    <testcase classname="DrivePattern_UnitTest" name="input_Accelerate_Decelerate" time="2.4361"/>
    <testcase classname="DrivePattern_UnitTest" name="input_Accelerate_Decelerate_Twice" time="0.35176"/>
    <testcase classname="DrivePattern_UnitTest" name="input_SimpleDrivePattern" time="0.2951"/>
    <testcase classname="DrivePattern_UnitTest" name="input_FTP75" time="0.048136"/>
    <testcase classname="DrivePattern_UnitTest" name="run_testcase_1" time="6.7924"/>
    <testcase classname="DrivePattern_UnitTest" name="run_testcase_2" time="5.8516"/>
    <testcase classname="DrivePattern_UnitTest" name="run_testcase_3" time="5.6957"/>
    <testcase classname="DrivePattern_UnitTest" name="run_testcase_4" time="5.5861"/>
    <testcase classname="DrivePattern_UnitTest" name="run_testcase_5" time="5.4984"/>
    <testcase classname="DrivePattern_UnitTest" name="run_testcase_6" time="5.6351"/>
    <testcase classname="DrivePattern_UnitTest" name="run_testcase_7" time="5.3301"/>
    <testcase classname="DrivePattern_UnitTest" name="run_main_script_1" time="6.5868"/>
  </testsuite>
</testsuites>
