<?xml version="1.0" encoding="UTF-8" standalone="no" ?>
<testsuites>
  <testsuite errors="0" failures="0" name="DrivePattern_UnitTest" skipped="0" tests="16" time="53.7406">
    <testcase classname="DrivePattern_UnitTest" name="run_harness_model_1" time="6.05"/>
    <testcase classname="DrivePattern_UnitTest" name="input_Constant" time="0.024284"/>
    <testcase classname="DrivePattern_UnitTest" name="input_Step3" time="0.69993"/>
    <testcase classname="DrivePattern_UnitTest" name="input_Step5" time="0.31745"/>
    <testcase classname="DrivePattern_UnitTest" name="input_Accelerate_Decelerate" time="1.9713"/>
    <testcase classname="DrivePattern_UnitTest" name="input_Accelerate_Decelerate_Twice" time="0.54023"/>
    <testcase classname="DrivePattern_UnitTest" name="input_SimpleDrivePattern" time="0.39607"/>
    <testcase classname="DrivePattern_UnitTest" name="input_FTP75" time="0.048417"/>
    <testcase classname="DrivePattern_UnitTest" name="run_testcase_1" time="6.3069"/>
    <testcase classname="DrivePattern_UnitTest" name="run_testcase_2" time="5.6181"/>
    <testcase classname="DrivePattern_UnitTest" name="run_testcase_3" time="5.2708"/>
    <testcase classname="DrivePattern_UnitTest" name="run_testcase_4" time="5.2743"/>
    <testcase classname="DrivePattern_UnitTest" name="run_testcase_5" time="5.1889"/>
    <testcase classname="DrivePattern_UnitTest" name="run_testcase_6" time="5.1038"/>
    <testcase classname="DrivePattern_UnitTest" name="run_testcase_7" time="4.6571"/>
    <testcase classname="DrivePattern_UnitTest" name="run_main_script_1" time="6.273"/>
  </testsuite>
</testsuites>
