<?xml version="1.0" encoding="UTF-8" standalone="no" ?>
<testsuites>

  <testsuite errors="0" failures="0" name="DrivePattern_UnitTest" skipped="0" tests="16" time="66.9901">
    <testcase classname="DrivePattern_UnitTest" name="run_harness_model_1" time="9.5734"/>
    <testcase classname="DrivePattern_UnitTest" name="input_Constant" time="0.06339"/>
    <testcase classname="DrivePattern_UnitTest" name="input_Step3" time="2.0231"/>
    <testcase classname="DrivePattern_UnitTest" name="input_Step5" time="0.70542"/>
    <testcase classname="DrivePattern_UnitTest" name="input_Accelerate_Decelerate" time="2.8384"/>
    <testcase classname="DrivePattern_UnitTest" name="input_Accelerate_Decelerate_Twice" time="0.78692"/>
    <testcase classname="DrivePattern_UnitTest" name="input_SimpleDrivePattern" time="0.66513"/>
    <testcase classname="DrivePattern_UnitTest" name="input_FTP75" time="0.057499"/>
    <testcase classname="DrivePattern_UnitTest" name="run_testcase_1" time="7.3996"/>
    <testcase classname="DrivePattern_UnitTest" name="run_testcase_2" time="6.4099"/>
    <testcase classname="DrivePattern_UnitTest" name="run_testcase_3" time="6.2886"/>
    <testcase classname="DrivePattern_UnitTest" name="run_testcase_4" time="6.1181"/>
    <testcase classname="DrivePattern_UnitTest" name="run_testcase_5" time="6.0832"/>
    <testcase classname="DrivePattern_UnitTest" name="run_testcase_6" time="6.1043"/>
    <testcase classname="DrivePattern_UnitTest" name="run_testcase_7" time="5.3625"/>
    <testcase classname="DrivePattern_UnitTest" name="run_main_script_1" time="6.5105"/>
  </testsuite>

</testsuites>
