<?xml version="1.0" encoding="UTF-8" standalone="no" ?>
<testsuites>

  <testsuite errors="0" failures="0" name="Engine_UnitTest" skipped="0" tests="7" time="34.166">
    <testcase classname="Engine_UnitTest" name="run_harnessSimple_1" time="4.6522"/>
    <testcase classname="Engine_UnitTest" name="run_harnessSimple_2_1" time="2.4338"/>
    <testcase classname="Engine_UnitTest" name="run_harnessSimple_2_2" time="3.7148"/>
    <testcase classname="Engine_UnitTest" name="run_harnessPowerSplit_1" time="4.9445"/>
    <testcase classname="Engine_UnitTest" name="run_harnessPowerSplit_2_1" time="4.917"/>
    <testcase classname="Engine_UnitTest" name="run_harnessPowerSplit_2_2" time="4.6682"/>
    <testcase classname="Engine_UnitTest" name="run_main_script_1" time="8.8354"/>
  </testsuite>

</testsuites>
