<?xml version="1.0" encoding="UTF-8" standalone="no" ?>
<testsuites>
  <testsuite errors="0" failures="0" name="PowerSplitHEV_DirectInput_UnitTest" skipped="0" tests="15" time="285.3018">
    <testcase classname="PowerSplitHEV_DirectInput_UnitTest" name="openAndRun_1" time="19.9557"/>
    <testcase classname="PowerSplitHEV_DirectInput_UnitTest" name="openAndRun_2_1" time="11.5786"/>
    <testcase classname="PowerSplitHEV_DirectInput_UnitTest" name="openAndRun_2_2" time="16.2013"/>
    <testcase classname="PowerSplitHEV_DirectInput_UnitTest" name="runLiveScript_DirectInput_Constant" time="16.0282"/>
    <testcase classname="PowerSplitHEV_DirectInput_UnitTest" name="runLiveScript_DirectInput_Downhill" time="13.5295"/>
    <testcase classname="PowerSplitHEV_DirectInput_UnitTest" name="runLiveScript_DirectInput_Downhill_2" time="13.4378"/>
    <testcase classname="PowerSplitHEV_DirectInput_UnitTest" name="runLiveScript_DirectInput_EngineDrive" time="12.2882"/>
    <testcase classname="PowerSplitHEV_DirectInput_UnitTest" name="runLiveScript_DirectInput_MG1Drive" time="15.5954"/>
    <testcase classname="PowerSplitHEV_DirectInput_UnitTest" name="runLiveScript_DirectInput_MG2Drive" time="15.3027"/>
    <testcase classname="PowerSplitHEV_DirectInput_UnitTest" name="runLiveScript_DirectInput_MG2Drive_2" time="16.5401"/>
    <testcase classname="PowerSplitHEV_DirectInput_UnitTest" name="runLiveScript_DirectInput_MG2Drive_StartEng" time="12.8223"/>
    <testcase classname="PowerSplitHEV_DirectInput_UnitTest" name="runLiveScript_DirectInput_MG2Drive_StartEng_2" time="11.6084"/>
    <testcase classname="PowerSplitHEV_DirectInput_UnitTest" name="runLiveScript_DirectInput_Parked_EngChgBatt" time="12.6488"/>
    <testcase classname="PowerSplitHEV_DirectInput_UnitTest" name="runLiveScript_DirectInput_PowerSplitDrive" time="13.2213"/>
    <testcase classname="PowerSplitHEV_DirectInput_UnitTest" name="runLiveScript_main_script" time="84.5437"/>
  </testsuite>
</testsuites>
